{
    "critiques": {
        "680": {
            "rubric_items": {
                "5510": {
                    "observation": "Not all of the tests passed.\n\n```\n************************************************************************\n                         Test Failure Feedback                          \n************************************************************************\n\nFailed Test: 2. Test functionality of MinimaxPlayer.minimax()\n----------------------------------------------------------------------\nAssertionError: False is not true : Your MinimaxAgent.minimax function did not visit every node in the game tree as player 1.  First check for off-by-one errors in your handling of the depth limiting. Then, especially if the number of nodes explored by your agent is too low, check everywhere you call to game.get_legal_moves() to make sure you are getting the legal moves for the appropriate player at each level of the game tree.  Finally, you may be using non-standard search optimizations that are not supported by the test cases.  The range of expansions accepted will vary slightly within the range indicated based on your termination condition.\n\nExpected number of visited nodes -- min: 6 max: 6\nNumber of nodes your agent explored: 7\n\nTest Case Details:\n------------------\nHeuristic: center_distance\nDepth limit: 1\nInitial Board State:\n     0   1   2   3   4   5   6   7   8\n0  |   |   |   |   |   |   |   |   |   | \n1  |   |   |   |   |   |   |   |   |   | \n2  |   |   | - |   | - | - |   |   |   | \n3  |   |   |   | - |   |   | - |   |   | \n4  |   |   |   | - |   |   | - |   |   | \n5  |   |   | - |   |   | - |   |   |   | \n6  |   |   |   | 2 | 1 | - |   |   |   | \n7  |   |   |   |   |   |   |   |   |   | \n8  |   |   |   |   |   |   |   |   |   | \n\ngame._board_state:\n[0, 0, 0, 0, 0, 0, 0, 0, 0, 0, 0, 0, 0, 0, 0, 0, 0, 0, 0, 0, 1, 0, 0, 1, 0, 0, 0, 0, 0, 0, 1, 1, 0, 1, 0, 0, 0, 0, 1, 0, 0, 0, 1, 0, 0, 0, 0, 1, 0, 0, 1, 1, 0, 0, 0, 0, 0, 1, 1, 0, 0, 0, 0, 0, 0, 0, 0, 0, 0, 0, 0, 0, 0, 0, 0, 0, 0, 0, 0, 0, 0, 0, 33, 42]\n\n\n\nFailed Test: 9. Test iterative deepening in AlphaBetaPlayer.get_move()\n----------------------------------------------------------------------\nAssertionError: False is not true : Iterative deepening should call the search function self.alphabeta() with sequential depth values incremented by one each iteration. You called with the sequence: [1, 1, 2, 2, 3, 3, 4, 4, 5, 5, 6, 6, 7, 7, 8, 8, 9, 9, 10, 10, 11, 11, 12, 12]\n\n\n************************************************************************\n                          Test Result Summary                           \n************************************************************************\n\n1. Test output interface of MinimaxPlayer.minimax():                   .\n2. Test functionality of MinimaxPlayer.minimax():                      F\n3. Test that minimax() raises SearchTimeout when the timer expires:    .\n4. Test that MinimaxPlayer successfully plays a full game:             .\n5. Test interface of AlphaBetaPlayer.alphabeta():                      .\n6. Test the interface of AlphaBetaPlayer.get_move():                   .\n7. Test functionality of AlphaBetaPlayer.alphabeta():                  .\n8. Test that alphabeta() raises SearchTimeout when the timer expires:  .\n9. Test iterative deepening in AlphaBetaPlayer.get_move():             F\n10. Test that AlphaBetaPlayer successfully plays a full game:          .\n11. Test output interface of custom_score():                           .\n12. Test output interface of custom_score_2():                         .\n13. Test output interface of custom_score_3():                         .\n\n------------------------------------------------------------------------\n            . - Test Passed    F - Test Failed    E - Error             \n\n```",
                    "result": "failed"
                },
                "7303": {
                    "observation": "```\n\n************************************************************************\n                          Test Result Summary                           \n************************************************************************\n\n14. Submission includes heuristic_analysis.pdf:                        .\n15. Submission includes research_review.pdf:                           .\n\n------------------------------------------------------------------------\n            . - Test Passed    F - Test Failed    E - Error             \n\n\n```",
                    "result": "passed"
                }
            }
        }
    }
}